<?xml version="1.0" encoding="UTF-8"?>
<testsuites name="Mocha Tests" time="0.742" tests="4" failures="4">
  <testsuite name="Root Suite" timestamp="2022-11-24T23:02:12" tests="0" file="cypress\api\features\login.feature" time="0.000" failures="0">
  </testsuite>
  <testsuite name="Login into portal - API Tests" timestamp="2022-11-24T23:02:12" tests="4" time="0.703" failures="4">
    <testcase name="Login into portal - API Tests Valid structure with a existing teacher" time="0.000" classname="Valid structure with a existing teacher">
      <failure message="expected true to be false" type="AssertionError"><![CDATA[AssertionError: expected true to be false
    at Context.eval (https://agent-test.sellwhenever.com/__cypress/tests?p=cypress\api\features\login.feature:10103:27)
    at Registry.runStepDefininition (https://agent-test.sellwhenever.com/__cypress/tests?p=cypress\api\features\login.feature:8704:48)
    at Context.eval (https://agent-test.sellwhenever.com/__cypress/tests?p=cypress\api\features\login.feature:9569:48)

      + expected - actual:  failed to generate Mocha diff
]]></failure>
    </testcase>
    <testcase name="Login into portal - API Tests Valid structure with a no-existing teacher" time="0.000" classname="Valid structure with a no-existing teacher">
      <failure message="expected true to be false" type="AssertionError"><![CDATA[AssertionError: expected true to be false
    at Context.eval (https://agent-test.sellwhenever.com/__cypress/tests?p=cypress\api\features\login.feature:10103:27)
    at Registry.runStepDefininition (https://agent-test.sellwhenever.com/__cypress/tests?p=cypress\api\features\login.feature:8704:48)
    at Context.eval (https://agent-test.sellwhenever.com/__cypress/tests?p=cypress\api\features\login.feature:9569:48)

      + expected - actual:  failed to generate Mocha diff
]]></failure>
    </testcase>
    <testcase name="Login into portal - API Tests Valid structure with a empty body" time="0.000" classname="Valid structure with a empty body">
      <failure message="expected true to be false" type="AssertionError"><![CDATA[AssertionError: expected true to be false
    at Context.eval (https://agent-test.sellwhenever.com/__cypress/tests?p=cypress\api\features\login.feature:10103:27)
    at Registry.runStepDefininition (https://agent-test.sellwhenever.com/__cypress/tests?p=cypress\api\features\login.feature:8704:48)
    at Context.eval (https://agent-test.sellwhenever.com/__cypress/tests?p=cypress\api\features\login.feature:9569:48)

      + expected - actual:  failed to generate Mocha diff
]]></failure>
    </testcase>
    <testcase name="Login into portal - API Tests Valid structure with a empty body" time="0.000" classname="Valid structure with a empty body">
      <failure message="expected true to be false" type="AssertionError"><![CDATA[AssertionError: expected true to be false
    at Context.eval (https://agent-test.sellwhenever.com/__cypress/tests?p=cypress\api\features\login.feature:10103:27)
    at Registry.runStepDefininition (https://agent-test.sellwhenever.com/__cypress/tests?p=cypress\api\features\login.feature:8704:48)
    at Context.eval (https://agent-test.sellwhenever.com/__cypress/tests?p=cypress\api\features\login.feature:9569:48)

      + expected - actual:  failed to generate Mocha diff
]]></failure>
    </testcase>
  </testsuite>
</testsuites>