<?xml version="1.0" encoding="UTF-8"?>
<testsuites name="Mocha Tests" time="1.193" tests="7" failures="7">
  <testsuite name="Root Suite" timestamp="2022-11-24T23:02:14" tests="0" file="cypress\gui\features\login.feature" time="0.000" failures="0">
  </testsuite>
  <testsuite name="Login into portal - GUI Tests" timestamp="2022-11-24T23:02:14" tests="7" time="1.159" failures="7">
    <testcase name="Login into portal - GUI Tests Login with a valid user" time="0.000" classname="Login with a valid user">
      <failure message="expected true to be false" type="AssertionError"><![CDATA[AssertionError: expected true to be false
    at Context.eval (https://agent-test.sellwhenever.com/__cypress/tests?p=cypress\gui\features\login.feature:10128:27)
    at Registry.runStepDefininition (https://agent-test.sellwhenever.com/__cypress/tests?p=cypress\gui\features\login.feature:8704:48)
    at Context.eval (https://agent-test.sellwhenever.com/__cypress/tests?p=cypress\gui\features\login.feature:9569:48)

      + expected - actual:  failed to generate Mocha diff
]]></failure>
    </testcase>
    <testcase name="Login into portal - GUI Tests Login with an invalid user (example #1)" time="0.000" classname="Login with an invalid user (example #1)">
      <failure message="expected true to be false" type="AssertionError"><![CDATA[AssertionError: expected true to be false
    at Context.eval (https://agent-test.sellwhenever.com/__cypress/tests?p=cypress\gui\features\login.feature:10131:27)
    at Registry.runStepDefininition (https://agent-test.sellwhenever.com/__cypress/tests?p=cypress\gui\features\login.feature:8704:48)
    at Context.eval (https://agent-test.sellwhenever.com/__cypress/tests?p=cypress\gui\features\login.feature:9569:48)

      + expected - actual:  failed to generate Mocha diff
]]></failure>
    </testcase>
    <testcase name="Login into portal - GUI Tests Login with an invalid user (example #2)" time="0.000" classname="Login with an invalid user (example #2)">
      <failure message="expected true to be false" type="AssertionError"><![CDATA[AssertionError: expected true to be false
    at Context.eval (https://agent-test.sellwhenever.com/__cypress/tests?p=cypress\gui\features\login.feature:10131:27)
    at Registry.runStepDefininition (https://agent-test.sellwhenever.com/__cypress/tests?p=cypress\gui\features\login.feature:8704:48)
    at Context.eval (https://agent-test.sellwhenever.com/__cypress/tests?p=cypress\gui\features\login.feature:9569:48)

      + expected - actual:  failed to generate Mocha diff
]]></failure>
    </testcase>
    <testcase name="Login into portal - GUI Tests Login with an invalid user (example #3)" time="0.000" classname="Login with an invalid user (example #3)">
      <failure message="expected true to be false" type="AssertionError"><![CDATA[AssertionError: expected true to be false
    at Context.eval (https://agent-test.sellwhenever.com/__cypress/tests?p=cypress\gui\features\login.feature:10131:27)
    at Registry.runStepDefininition (https://agent-test.sellwhenever.com/__cypress/tests?p=cypress\gui\features\login.feature:8704:48)
    at Context.eval (https://agent-test.sellwhenever.com/__cypress/tests?p=cypress\gui\features\login.feature:9569:48)

      + expected - actual:  failed to generate Mocha diff
]]></failure>
    </testcase>
    <testcase name="Login into portal - GUI Tests Login with an invalid user (example #4)" time="0.000" classname="Login with an invalid user (example #4)">
      <failure message="expected true to be false" type="AssertionError"><![CDATA[AssertionError: expected true to be false
    at Context.eval (https://agent-test.sellwhenever.com/__cypress/tests?p=cypress\gui\features\login.feature:10131:27)
    at Registry.runStepDefininition (https://agent-test.sellwhenever.com/__cypress/tests?p=cypress\gui\features\login.feature:8704:48)
    at Context.eval (https://agent-test.sellwhenever.com/__cypress/tests?p=cypress\gui\features\login.feature:9569:48)

      + expected - actual:  failed to generate Mocha diff
]]></failure>
    </testcase>
    <testcase name="Login into portal - GUI Tests Login with an invalid user (example #5)" time="0.000" classname="Login with an invalid user (example #5)">
      <failure message="expected true to be false" type="AssertionError"><![CDATA[AssertionError: expected true to be false
    at Context.eval (https://agent-test.sellwhenever.com/__cypress/tests?p=cypress\gui\features\login.feature:10131:27)
    at Registry.runStepDefininition (https://agent-test.sellwhenever.com/__cypress/tests?p=cypress\gui\features\login.feature:8704:48)
    at Context.eval (https://agent-test.sellwhenever.com/__cypress/tests?p=cypress\gui\features\login.feature:9569:48)

      + expected - actual:  failed to generate Mocha diff
]]></failure>
    </testcase>
    <testcase name="Login into portal - GUI Tests Empty fields on login" time="0.000" classname="Empty fields on login">
      <failure message="expected true to be false" type="AssertionError"><![CDATA[AssertionError: expected true to be false
    at Context.eval (https://agent-test.sellwhenever.com/__cypress/tests?p=cypress\gui\features\login.feature:10131:27)
    at Registry.runStepDefininition (https://agent-test.sellwhenever.com/__cypress/tests?p=cypress\gui\features\login.feature:8704:48)
    at Context.eval (https://agent-test.sellwhenever.com/__cypress/tests?p=cypress\gui\features\login.feature:9569:48)

      + expected - actual:  failed to generate Mocha diff
]]></failure>
    </testcase>
  </testsuite>
</testsuites>